C:\Program Files (x86)\Microsoft Visual Studio\2017\Enterprise\Common7\IDE\VC\VCTargets\Microsoft.CppBuild.targets(376,5): warning MSB8004: Intermediate 目錄結尾不是結尾斜線。這個建置執行個體將會加入此斜線，因為這樣才能正確評估 Intermediate 目錄。
C:\Program Files (x86)\Microsoft Visual Studio\2017\Enterprise\Common7\IDE\VC\VCTargets\Microsoft.CppBuild.targets(377,5): warning MSB8004: Output 目錄結尾不是結尾斜線。這個建置執行個體將會加入此斜線，因為這樣才能正確評估 Output 目錄。
  Main.c
c:\users\yiden\desktop\hw_20231026\4.28\source\main.c(14): warning C4477: 'scanf' : 格式字串 '%lf' 需要 'double *' 類型的引數，但 variadic 引數 1 的類型為 'float *'
  c:\users\yiden\desktop\hw_20231026\4.28\source\main.c(14): note: 請考慮在格式字串中使用 '%f'
c:\users\yiden\desktop\hw_20231026\4.28\source\main.c(20): warning C4477: 'scanf' : 格式字串 '%lf' 需要 'double *' 類型的引數，但 variadic 引數 1 的類型為 'float *'
  c:\users\yiden\desktop\hw_20231026\4.28\source\main.c(20): note: 請考慮在格式字串中使用 '%f'
c:\users\yiden\desktop\hw_20231026\4.28\source\main.c(32): warning C4477: 'scanf' : 格式字串 '%lf' 需要 'double *' 類型的引數，但 variadic 引數 1 的類型為 'float *'
  c:\users\yiden\desktop\hw_20231026\4.28\source\main.c(32): note: 請考慮在格式字串中使用 '%f'
c:\users\yiden\desktop\hw_20231026\4.28\source\main.c(38): warning C4477: 'scanf' : 格式字串 '%lf' 需要 'double *' 類型的引數，但 variadic 引數 1 的類型為 'float *'
  c:\users\yiden\desktop\hw_20231026\4.28\source\main.c(38): note: 請考慮在格式字串中使用 '%f'
c:\users\yiden\desktop\hw_20231026\4.28\source\main.c(8): warning C4996: 'scanf': This function or variable may be unsafe. Consider using scanf_s instead. To disable deprecation, use _CRT_SECURE_NO_WARNINGS. See online help for details.
  c:\program files (x86)\windows kits\10\include\10.0.17763.0\ucrt\stdio.h(1274): note: 請參閱 'scanf' 的宣告
c:\users\yiden\desktop\hw_20231026\4.28\source\main.c(14): warning C4996: 'scanf': This function or variable may be unsafe. Consider using scanf_s instead. To disable deprecation, use _CRT_SECURE_NO_WARNINGS. See online help for details.
  c:\program files (x86)\windows kits\10\include\10.0.17763.0\ucrt\stdio.h(1274): note: 請參閱 'scanf' 的宣告
c:\users\yiden\desktop\hw_20231026\4.28\source\main.c(20): warning C4996: 'scanf': This function or variable may be unsafe. Consider using scanf_s instead. To disable deprecation, use _CRT_SECURE_NO_WARNINGS. See online help for details.
  c:\program files (x86)\windows kits\10\include\10.0.17763.0\ucrt\stdio.h(1274): note: 請參閱 'scanf' 的宣告
c:\users\yiden\desktop\hw_20231026\4.28\source\main.c(22): warning C4996: 'scanf': This function or variable may be unsafe. Consider using scanf_s instead. To disable deprecation, use _CRT_SECURE_NO_WARNINGS. See online help for details.
  c:\program files (x86)\windows kits\10\include\10.0.17763.0\ucrt\stdio.h(1274): note: 請參閱 'scanf' 的宣告
c:\users\yiden\desktop\hw_20231026\4.28\source\main.c(32): warning C4996: 'scanf': This function or variable may be unsafe. Consider using scanf_s instead. To disable deprecation, use _CRT_SECURE_NO_WARNINGS. See online help for details.
  c:\program files (x86)\windows kits\10\include\10.0.17763.0\ucrt\stdio.h(1274): note: 請參閱 'scanf' 的宣告
c:\users\yiden\desktop\hw_20231026\4.28\source\main.c(38): warning C4996: 'scanf': This function or variable may be unsafe. Consider using scanf_s instead. To disable deprecation, use _CRT_SECURE_NO_WARNINGS. See online help for details.
  c:\program files (x86)\windows kits\10\include\10.0.17763.0\ucrt\stdio.h(1274): note: 請參閱 'scanf' 的宣告
c:\users\yiden\desktop\hw_20231026\4.28\source\main.c(40): warning C4996: 'scanf': This function or variable may be unsafe. Consider using scanf_s instead. To disable deprecation, use _CRT_SECURE_NO_WARNINGS. See online help for details.
  c:\program files (x86)\windows kits\10\include\10.0.17763.0\ucrt\stdio.h(1274): note: 請參閱 'scanf' 的宣告
  4.28.vcxproj -> C:\Users\Yiden\Desktop\HW_20231026\4.28\4.28\4.28\..\..\temp\debug\4.28.exe
